<?xml version="1.0" encoding="UTF-8"?>
<!-- Generated by org.testng.reporters.JUnitReportReporter -->
<testsuite hostname="DESKTOP-GKVRTSF" failures="0" tests="1" name="com.simplilearn.AppiumDemo.ContextSwitchingDemo" time="20.177" errors="0" timestamp="2023-01-28T14:00:46 IST" skipped="0">
  <testcase classname="com.simplilearn.AppiumDemo.ContextSwitchingDemo" name="addShortCutToHomeScreen" time="20.177"/>
  <system-out/>
</testsuite> <!-- com.simplilearn.AppiumDemo.ContextSwitchingDemo -->
