<?xml version="1.0" encoding="UTF-8"?>
<!-- Generated by org.testng.reporters.JUnitReportReporter -->
<testsuite hostname="DESKTOP-GKVRTSF" failures="0" tests="1" name="com.simplilearn.AppiumDemo.SwipeDemo" time="5.266" errors="0" timestamp="2023-01-29T14:24:51 IST" skipped="0">
  <testcase classname="com.simplilearn.AppiumDemo.SwipeDemo" name="swipFromLeftToRight" time="5.266"/>
  <system-out/>
</testsuite> <!-- com.simplilearn.AppiumDemo.SwipeDemo -->
