<?xml version="1.0" encoding="UTF-8"?>
<!-- Generated by org.testng.reporters.JUnitReportReporter -->
<testsuite hostname="DESKTOP-GKVRTSF" failures="0" tests="1" name="com.simplilearn.AppiumDemo.SpinnerDemo" time="25.053" errors="0" timestamp="2023-01-29T14:25:46 IST" skipped="0">
  <testcase classname="com.simplilearn.AppiumDemo.SpinnerDemo" name="selectColorAndDateFromSpinner" time="25.053"/>
  <system-out/>
</testsuite> <!-- com.simplilearn.AppiumDemo.SpinnerDemo -->
