<?xml version="1.0" encoding="UTF-8"?>
<!-- Generated by org.testng.reporters.JUnitReportReporter -->
<testsuite hostname="DESKTOP-GKVRTSF" failures="0" tests="1" name="com.simplilearn.AppiumDemo.ZoomOutDemo" time="19.666" errors="0" timestamp="2023-02-04T10:15:15 IST" skipped="0">
  <testcase classname="com.simplilearn.AppiumDemo.ZoomOutDemo" name="zoomOut" time="19.666"/>
  <system-out/>
</testsuite> <!-- com.simplilearn.AppiumDemo.ZoomOutDemo -->
